# JRE version: OpenJDK Runtime Environment (15.0.2+7) (build 15.0.2+7-27)
# Java VM: OpenJDK 64-Bit Server VM (15.0.2+7-27, mixed mode, tiered, compressed oops, g1 gc, windows-amd64)
GC Precious Log:
 CPUs: 8 total, 8 available
 Memory: 8076M
 Large Page Support: Disabled
 NUMA Support: Disabled
 Compressed Oops: Enabled (32-bit)
 Heap Region Size: 1M
 Heap Min Capacity: 8M
 Heap Initial Capacity: 128M
 Heap Max Capacity: 2020M
 Pre-touch: Disabled
 Parallel Workers: 8
 Concurrent Workers: 2
 Concurrent Refinement Workers: 8
 Periodic GC: Disabled
Heap:
 garbage-first heap   total 70656K, used 54684K [0x0000000081c00000, 0x0000000100000000)
  region size 1024K, 33 young (33792K), 5 survivors (5120K)
 Metaspace       used 56836K, capacity 57517K, committed 57680K, reserved 1099776K
  class space    used 6621K, capacity 6826K, committed 6912K, reserved 1048576K
GC Heap History (20 events):
Event: 3.325 GC heap after
{Heap after GC invocations=10 (full 0):
 garbage-first heap   total 53248K, used 13500K [0x0000000081c00000, 0x0000000100000000)
  region size 1024K, 3 young (3072K), 3 survivors (3072K)
 Metaspace       used 33056K, capacity 33417K, committed 33584K, reserved 1079296K
  class space    used 3853K, capacity 3956K, committed 3968K, reserved 1048576K
}
Event: 3.627 GC heap before
{Heap before GC invocations=10 (full 0):
 garbage-first heap   total 53248K, used 39100K [0x0000000081c00000, 0x0000000100000000)
  region size 1024K, 29 young (29696K), 3 survivors (3072K)
 Metaspace       used 35300K, capacity 35730K, committed 35920K, reserved 1081344K
  class space    used 4123K, capacity 4279K, committed 4352K, reserved 1048576K
}
Event: 3.635 GC heap after
{Heap after GC invocations=11 (full 0):
 garbage-first heap   total 64512K, used 14680K [0x0000000081c00000, 0x0000000100000000)
  region size 1024K, 3 young (3072K), 3 survivors (3072K)
 Metaspace       used 35300K, capacity 35730K, committed 35920K, reserved 1081344K
  class space    used 4123K, capacity 4279K, committed 4352K, reserved 1048576K
}
Event: 3.672 GC heap before
{Heap before GC invocations=11 (full 0):
 garbage-first heap   total 64512K, used 16728K [0x0000000081c00000, 0x0000000100000000)
  region size 1024K, 6 young (6144K), 3 survivors (3072K)
 Metaspace       used 35415K, capacity 35794K, committed 35920K, reserved 1081344K
  class space    used 4130K, capacity 4279K, committed 4352K, reserved 1048576K
}
Event: 3.679 GC heap after
{Heap after GC invocations=12 (full 0):
 garbage-first heap   total 64512K, used 14704K [0x0000000081c00000, 0x0000000100000000)
  region size 1024K, 3 young (3072K), 3 survivors (3072K)
 Metaspace       used 35415K, capacity 35794K, committed 35920K, reserved 1081344K
  class space    used 4130K, capacity 4279K, committed 4352K, reserved 1048576K
}
Event: 4.239 GC heap before
{Heap before GC invocations=13 (full 0):
 garbage-first heap   total 58368K, used 46448K [0x0000000081c00000, 0x0000000100000000)
  region size 1024K, 34 young (34816K), 3 survivors (3072K)
 Metaspace       used 39672K, capacity 40074K, committed 40272K, reserved 1085440K
  class space    used 4678K, capacity 4829K, committed 4864K, reserved 1048576K
}
Event: 4.244 GC heap after
{Heap after GC invocations=14 (full 0):
 garbage-first heap   total 58368K, used 16050K [0x0000000081c00000, 0x0000000100000000)
  region size 1024K, 3 young (3072K), 3 survivors (3072K)
 Metaspace       used 39672K, capacity 40074K, committed 40272K, reserved 1085440K
  class space    used 4678K, capacity 4829K, committed 4864K, reserved 1048576K
}
Event: 4.379 GC heap before
{Heap before GC invocations=14 (full 0):
 garbage-first heap   total 58368K, used 45746K [0x0000000081c00000, 0x0000000100000000)
  region size 1024K, 32 young (32768K), 3 survivors (3072K)
 Metaspace       used 40369K, capacity 40720K, committed 40912K, reserved 1085440K
  class space    used 4761K, capacity 4894K, committed 4992K, reserved 1048576K
}
Event: 4.382 GC heap after
{Heap after GC invocations=15 (full 0):
 garbage-first heap   total 58368K, used 16591K [0x0000000081c00000, 0x0000000100000000)
  region size 1024K, 2 young (2048K), 2 survivors (2048K)
 Metaspace       used 40369K, capacity 40720K, committed 40912K, reserved 1085440K
  class space    used 4761K, capacity 4894K, committed 4992K, reserved 1048576K
}
Event: 4.488 GC heap before
{Heap before GC invocations=15 (full 0):
 garbage-first heap   total 58368K, used 46287K [0x0000000081c00000, 0x0000000100000000)
  region size 1024K, 31 young (31744K), 2 survivors (2048K)
 Metaspace       used 40689K, capacity 41140K, committed 41168K, reserved 1085440K
  class space    used 4793K, capacity 4966K, committed 4992K, reserved 1048576K
}
Event: 4.494 GC heap after
{Heap after GC invocations=16 (full 0):
 garbage-first heap   total 70656K, used 17195K [0x0000000081c00000, 0x0000000100000000)
  region size 1024K, 3 young (3072K), 3 survivors (3072K)
 Metaspace       used 40689K, capacity 41140K, committed 41168K, reserved 1085440K
  class space    used 4793K, capacity 4966K, committed 4992K, reserved 1048576K
}
Event: 4.983 GC heap before
{Heap before GC invocations=16 (full 0):
 garbage-first heap   total 70656K, used 56107K [0x0000000081c00000, 0x0000000100000000)
  region size 1024K, 41 young (41984K), 3 survivors (3072K)
 Metaspace       used 43329K, capacity 43900K, committed 44112K, reserved 1087488K
  class space    used 5156K, capacity 5359K, committed 5376K, reserved 1048576K
}
Event: 4.988 GC heap after
{Heap after GC invocations=17 (full 0):
 garbage-first heap   total 70656K, used 19833K [0x0000000081c00000, 0x0000000100000000)
  region size 1024K, 6 young (6144K), 6 survivors (6144K)
 Metaspace       used 43329K, capacity 43900K, committed 44112K, reserved 1087488K
  class space    used 5156K, capacity 5359K, committed 5376K, reserved 1048576K
}
Event: 5.586 GC heap before
{Heap before GC invocations=17 (full 0):
 garbage-first heap   total 70656K, used 54649K [0x0000000081c00000, 0x0000000100000000)
  region size 1024K, 40 young (40960K), 6 survivors (6144K)
 Metaspace       used 46719K, capacity 47284K, committed 47440K, reserved 1091584K
  class space    used 5577K, capacity 5782K, committed 5888K, reserved 1048576K
}
Event: 5.592 GC heap after
{Heap after GC invocations=18 (full 0):
 garbage-first heap   total 70656K, used 22195K [0x0000000081c00000, 0x0000000100000000)
  region size 1024K, 3 young (3072K), 3 survivors (3072K)
 Metaspace       used 46719K, capacity 47284K, committed 47440K, reserved 1091584K
  class space    used 5577K, capacity 5782K, committed 5888K, reserved 1048576K
}
Event: 25.371 GC heap before
{Heap before GC invocations=18 (full 0):
 garbage-first heap   total 70656K, used 53939K [0x0000000081c00000, 0x0000000100000000)
  region size 1024K, 35 young (35840K), 3 survivors (3072K)
 Metaspace       used 52868K, capacity 53423K, committed 53584K, reserved 1097728K
  class space    used 6188K, capacity 6396K, committed 6400K, reserved 1048576K
}
Event: 25.375 GC heap after
{Heap after GC invocations=19 (full 0):
 garbage-first heap   total 70656K, used 23960K [0x0000000081c00000, 0x0000000100000000)
  region size 1024K, 5 young (5120K), 5 survivors (5120K)
 Metaspace       used 52868K, capacity 53423K, committed 53584K, reserved 1097728K
  class space    used 6188K, capacity 6396K, committed 6400K, reserved 1048576K
}
Event: 25.749 GC heap before
{Heap before GC invocations=19 (full 0):
 garbage-first heap   total 70656K, used 54680K [0x0000000081c00000, 0x0000000100000000)
  region size 1024K, 35 young (35840K), 5 survivors (5120K)
 Metaspace       used 55963K, capacity 56596K, committed 56784K, reserved 1099776K
  class space    used 6515K, capacity 6717K, committed 6784K, reserved 1048576K
}
Event: 25.754 GC heap after
{Heap after GC invocations=20 (full 0):
 garbage-first heap   total 70656K, used 26012K [0x0000000081c00000, 0x0000000100000000)
  region size 1024K, 5 young (5120K), 5 survivors (5120K)
 Metaspace       used 55963K, capacity 56596K, committed 56784K, reserved 1099776K
  class space    used 6515K, capacity 6717K, committed 6784K, reserved 1048576K
}
Event: 794.935 GC heap before
{Heap before GC invocations=20 (full 0):
 garbage-first heap   total 70656K, used 53660K [0x0000000081c00000, 0x0000000100000000)
  region size 1024K, 33 young (33792K), 5 survivors (5120K)
 Metaspace       used 56836K, capacity 57517K, committed 57680K, reserved 1099776K
  class space    used 6621K, capacity 6826K, committed 6912K, reserved 1048576K
}

